Run started 2/5/2015 10:24:31 AM

Settings: 
{
  "RunName": "sample-run",
  "Inserts": 100000,
  "InsertThreads": 2,
  "InsertBatchSize": 100,
  "InsertBatchDelayMs": 0,
  "UseTransactionForInsertBatch": false,
  "SelectThreads": 1,
  "SelectDelayMs": 100,
  "SetupProcName": "SetupSampleData",
  "InsertProcName": "InsertSampleData",
  "SelectProcName": "FindSampleData",
  "RecompileSelectAfter": 0,
  "QueryTimeoutSeconds": 120,
  "OutputPath": "2015-02-05T10-24-31_sample-run.log"
}

time	inserts	secPerIns	insSecTotal	selects	secPerSel	selSecTot	timeouts
1.01	5100	0.00052444	0.440842	9	0.010049	0.021102	0
2.02	9400	0.00039684	0.924906	18	0.015310	0.051855	0
3.03	13400	0.00055137	1.399087	27	0.015990	0.084243	0
4.05	17000	0.00055589	1.854854	36	0.018031	0.118332	0
5.06	20400	0.00064083	2.334901	44	0.026452	0.157913	0
6.08	23900	0.00058188	2.810128	53	0.021275	0.199466	0
7.09	27700	0.00039892	3.283176	60	0.027741	0.250390	0
8.10	31200	0.00066935	3.750909	68	0.039744	0.323811	0
9.12	34400	0.00062840	4.244327	75	0.038174	0.384530	0
10.13	37400	0.00054953	4.720796	82	0.059179	0.469767	0
11.15	41200	0.00047814	5.177361	90	0.033148	0.530511	0
12.16	46200	0.00033699	5.666398	97	0.047272	0.601153	0
13.17	51400	0.00044018	6.142933	104	0.040059	0.663597	0
14.19	54900	0.00060411	6.595707	110	0.066448	0.746820	0
15.20	58600	0.00059474	7.079914	117	0.051331	0.826081	0
16.22	62400	0.00056742	7.563142	124	0.055948	0.917106	0
17.23	67600	0.00047867	8.038966	130	0.074904	1.020130	0
18.24	73500	0.00052864	8.491060	136	0.072661	1.120011	0
19.26	78200	0.00030998	8.969216	141	0.076329	1.209939	0
20.27	82600	0.00046123	9.439978	146	0.091167	1.321567	0
21.29	87700	0.00037468	9.934348	152	0.093966	1.451370	0
22.30	93100	0.00058535	10.411605	157	0.105326	1.576692	0
23.31	97700	0.00121461	10.865342	160	0.113819	1.660771	0


  Elapsed sec: 23.90
  Inserts: 100000
  Sec/insert: 0.00029854
  Selects: 163
  Sec/select: 0.1452
  Timeouts: 0


Fragmentation:
TableName	IndexName	IndexType	fragment_count	page_count	avg_fragmentation_in_percent	db_name
SampleData	pk_SampleData	CLUSTERED INDEX	1310	1310	99.3129770992366	HammerTime
